<?xml version="1.0" encoding="UTF-8"?>
<!-- Generated by org.testng.reporters.JUnitReportReporter -->
<testsuite hostname="Sallu" failures="0" tests="2" name="pf_WithPOM.Pf_LoginTestQAE" time="139.370" errors="0" timestamp="2024-09-10T13:19:55 BDT" skipped="0">
  <testcase classname="pf_WithPOM.Pf_LoginTestQAE" name="InvalidLoginTest" time="34.663"/>
  <testcase classname="pf_WithPOM.Pf_LoginTestQAE" name="validLoginTest" time="104.707"/>
</testsuite> <!-- pf_WithPOM.Pf_LoginTestQAE -->
