<?xml version="1.0" encoding="UTF-8"?>
<!-- Generated by org.testng.reporters.JUnitReportReporter -->
<testsuite hostname="Sallu" failures="0" tests="2" name="keyWordFramework.Login_Test" time="38.936" errors="0" timestamp="2024-09-21T13:22:16 BDT" skipped="0">
  <testcase classname="keyWordFramework.Login_Test" name="InvalidLoginTest2" time="20.132"/>
  <testcase classname="keyWordFramework.Login_Test" name="validLoginTest" time="18.804"/>
</testsuite> <!-- keyWordFramework.Login_Test -->
