<?xml version="1.0" encoding="UTF-8"?>
<!-- Generated by org.testng.reporters.JUnitReportReporter -->
<testsuite hostname="Sallu" failures="0" tests="1" name="syncronization.ExplicitWaitTest" time="130.747" errors="0" timestamp="2024-09-12T13:28:47 BDT" skipped="0">
  <testcase classname="syncronization.ExplicitWaitTest" name="ValidLoginTest" time="130.747"/>
</testsuite> <!-- syncronization.ExplicitWaitTest -->
