<?xml version="1.0" encoding="UTF-8"?>
<!-- Generated by org.testng.reporters.JUnitReportReporter -->
<testsuite hostname="Sallu" failures="0" tests="4" name="pageObjectModel.LoginTest" time="124.380" errors="0" timestamp="2024-09-09T15:19:51 BDT" skipped="0">
  <testcase classname="pageObjectModel.LoginTest" name="validLoginTest" time="27.819"/>
  <testcase classname="pageObjectModel.LoginTest" name="InvalidLoginTest" time="37.611"/>
  <testcase classname="pageObjectModel.LoginTest" name="LinkTest" time="32.037"/>
  <testcase classname="pageObjectModel.LoginTest" name="GetTextTest" time="26.913"/>
</testsuite> <!-- pageObjectModel.LoginTest -->
