<?xml version="1.0" encoding="UTF-8"?>
<!-- Generated by org.testng.reporters.JUnitReportReporter -->
<testsuite hostname="Sallu" failures="0" tests="1" name="locator.BasicXpathForQAELearn" time="17.647" errors="0" timestamp="2024-09-10T13:14:32 BDT" skipped="0">
  <testcase classname="locator.BasicXpathForQAELearn" name="basicXpath" time="17.647"/>
</testsuite> <!-- locator.BasicXpathForQAELearn -->
