<?xml version="1.0" encoding="UTF-8"?>
<!-- Generated by org.testng.reporters.JUnitReportReporter -->
<testsuite hostname="Sallu" failures="0" tests="1" name="locator.BasicXpathForQAELearn" time="20.615" errors="0" timestamp="2024-09-12T12:50:43 BDT" skipped="0">
  <testcase classname="locator.BasicXpathForQAELearn" name="basicXpath" time="20.615"/>
</testsuite> <!-- locator.BasicXpathForQAELearn -->
