<?xml version="1.0" encoding="UTF-8"?>
<!-- Generated by org.testng.reporters.JUnitReportReporter -->
<testsuite hostname="Sallu" failures="0" tests="1" name="pf_WithPOM.Pf_LoginTestQAE" time="25.115" errors="0" timestamp="2024-09-12T13:08:50 BDT" skipped="0">
  <testcase classname="pf_WithPOM.Pf_LoginTestQAE" name="validLoginTest" time="25.115"/>
</testsuite> <!-- pf_WithPOM.Pf_LoginTestQAE -->
